<?xml version="1.0" encoding="UTF-8"?>
<coverage generated="1590687295409" clover="3.2.0">
  <project timestamp="1590687295410" name="All files">
    <metrics statements="15" coveredstatements="15" conditionals="0" coveredconditionals="0" methods="6" coveredmethods="6" elements="21" coveredelements="21" complexity="0" loc="15" ncloc="15" packages="1" files="3" classes="3"/>
    <file name="app.controller.ts" path="D:\Projects\tasklist\src\server\app.controller.ts">
      <metrics statements="7" coveredstatements="7" conditionals="0" coveredconditionals="0" methods="3" coveredmethods="3"/>
      <line num="1" count="2" type="stmt"/>
      <line num="2" count="2" type="stmt"/>
      <line num="5" count="4" type="stmt"/>
      <line num="6" count="2" type="stmt"/>
      <line num="9" count="2" type="stmt"/>
      <line num="10" count="2" type="stmt"/>
      <line num="12" count="2" type="stmt"/>
    </file>
    <file name="app.module.ts" path="D:\Projects\tasklist\src\server\app.module.ts">
      <metrics statements="4" coveredstatements="4" conditionals="0" coveredconditionals="0" methods="1" coveredmethods="1"/>
      <line num="1" count="1" type="stmt"/>
      <line num="2" count="1" type="stmt"/>
      <line num="3" count="1" type="stmt"/>
      <line num="10" count="2" type="stmt"/>
    </file>
    <file name="app.service.ts" path="D:\Projects\tasklist\src\server\app.service.ts">
      <metrics statements="4" coveredstatements="4" conditionals="0" coveredconditionals="0" methods="2" coveredmethods="2"/>
      <line num="1" count="2" type="stmt"/>
      <line num="4" count="4" type="stmt"/>
      <line num="6" count="2" type="stmt"/>
      <line num="8" count="2" type="stmt"/>
    </file>
  </project>
</coverage>
