{"D:\\Projects\\tasklist\\src\\server\\app.controller.ts": {"path":"D:\\Projects\\tasklist\\src\\server\\app.controller.ts","statementMap":{"0":{"start":{"line":1,"column":0},"end":{"line":1,"column":49}},"1":{"start":{"line":2,"column":0},"end":{"line":2,"column":43}},"2":{"start":{"line":5,"column":0},"end":{"line":12,"column":null}},"3":{"start":{"line":6,"column":33},"end":{"line":6,"column":45}},"4":{"start":{"line":10,"column":8},"end":{"line":10,"column":42}},"5":{"start":{"line":9,"column":4},"end":{"line":11,"column":null}},"6":{"start":{"line":5,"column":13},"end":{"line":12,"column":null}},"7":{"start":{"line":12,"column":0},"end":{"line":12,"column":null}},"8":{"start":{"line":5,"column":13},"end":{"line":5,"column":26}}},"fnMap":{"0":{"name":"(anonymous_2)","decl":{"start":{"line":5,"column":0},"end":{"line":5,"column":13}},"loc":{"start":{"line":5,"column":0},"end":{"line":12,"column":null}}},"1":{"name":"(anonymous_3)","decl":{"start":{"line":6,"column":4},"end":{"line":6,"column":33}},"loc":{"start":{"line":6,"column":55},"end":{"line":6,"column":59}}},"2":{"name":"(anonymous_4)","decl":{"start":{"line":9,"column":4},"end":{"line":9,"column":12}},"loc":{"start":{"line":9,"column":12},"end":{"line":11,"column":5}}}},"branchMap":{},"s":{"0":2,"1":2,"2":4,"3":2,"4":2,"5":2,"6":2,"7":2,"8":2},"f":{"0":2,"1":2,"2":2},"b":{}}
,"D:\\Projects\\tasklist\\src\\server\\app.module.ts": {"path":"D:\\Projects\\tasklist\\src\\server\\app.module.ts","statementMap":{"0":{"start":{"line":1,"column":0},"end":{"line":1,"column":40}},"1":{"start":{"line":2,"column":0},"end":{"line":2,"column":49}},"2":{"start":{"line":3,"column":0},"end":{"line":3,"column":43}},"3":{"start":{"line":10,"column":0},"end":{"line":10,"column":null}},"4":{"start":{"line":10,"column":13},"end":{"line":10,"column":null}},"5":{"start":{"line":10,"column":24},"end":{"line":10,"column":null}},"6":{"start":{"line":10,"column":13},"end":{"line":10,"column":22}}},"fnMap":{"0":{"name":"(anonymous_1)","decl":{"start":{"line":10,"column":0},"end":{"line":10,"column":13}},"loc":{"start":{"line":10,"column":0},"end":{"line":10,"column":null}}}},"branchMap":{},"s":{"0":1,"1":1,"2":1,"3":2,"4":1,"5":1,"6":1},"f":{"0":1},"b":{}}
,"D:\\Projects\\tasklist\\src\\server\\app.service.ts": {"path":"D:\\Projects\\tasklist\\src\\server\\app.service.ts","statementMap":{"0":{"start":{"line":1,"column":0},"end":{"line":1,"column":44}},"1":{"start":{"line":4,"column":0},"end":{"line":8,"column":null}},"2":{"start":{"line":6,"column":8},"end":{"line":6,"column":30}},"3":{"start":{"line":4,"column":13},"end":{"line":8,"column":null}},"4":{"start":{"line":8,"column":0},"end":{"line":8,"column":null}},"5":{"start":{"line":4,"column":13},"end":{"line":4,"column":23}}},"fnMap":{"0":{"name":"(anonymous_1)","decl":{"start":{"line":4,"column":0},"end":{"line":4,"column":13}},"loc":{"start":{"line":4,"column":0},"end":{"line":8,"column":null}}},"1":{"name":"(anonymous_2)","decl":{"start":{"line":5,"column":4},"end":{"line":5,"column":12}},"loc":{"start":{"line":5,"column":12},"end":{"line":7,"column":5}}}},"branchMap":{},"s":{"0":2,"1":4,"2":2,"3":2,"4":2,"5":2},"f":{"0":2,"1":2},"b":{}}
}
